User/build/intermediates/manifest_merge_blame_file/debug/manifest-merger-blame-debug-report.txt
1<?xml version="1.0" encoding="utf-8"?>
2<manifest xmlns:android="http://schemas.android.com/apk/res/android"
3    package="com.example.user"
4    android:versionCode="1"
5    android:versionName="1.0" >
6
7    <uses-sdk
8        android:minSdkVersion="21"
8-->src\main\AndroidManifest.xml
9        android:targetSdkVersion="30" />
9-->src\main\AndroidManifest.xml
10
11    <application>
11-->src\main\AndroidManifest.xml:5:5-13:19
12        <activity
12-->src\main\AndroidManifest.xml:6:9-7:70
13            android:name="com.example.user.activity.PlayColletionActivity"
13-->src\main\AndroidManifest.xml:6:19-65
14            android:theme="@style/FavoritesActivityTheme" />
14-->src\main\AndroidManifest.xml:7:13-58
15        <activity
15-->src\main\AndroidManifest.xml:8:9-10:61
16            android:name="com.example.user.activity.FavoritesActivity"
16-->src\main\AndroidManifest.xml:9:13-55
17            android:theme="@style/FavoritesActivityTheme" />
17-->src\main\AndroidManifest.xml:10:13-58
18        <activity android:name="com.example.user.activity.PersonalInformationActivity" />
18-->src\main\AndroidManifest.xml:11:9-74
18-->src\main\AndroidManifest.xml:11:19-71
19        <activity android:name="com.example.user.activity.SettingsActivity" />
19-->src\main\AndroidManifest.xml:12:9-63
19-->src\main\AndroidManifest.xml:12:19-60
20    </application>
21
22</manifest>